<?xml version="1.0" encoding="UTF-8"?>
<robot generator="Robot 3.0.4 (Python 3.6.4 on win32)" generated="20190822 10:41:29.755">
<suite id="s1" name="Baidu" source="D:\software\pycharm\Robot\1\baidu.robot">
<test id="s1-t1" name="test01">
<kw name="Open Browser" library="Selenium2Library">
<doc>Opens a new browser instance to the given ``url``.</doc>
<arguments>
<arg>https://magicube.moredian.com/#/login</arg>
<arg>chrome</arg>
</arguments>
<msg timestamp="20190822 10:41:30.096" level="INFO">Opening browser 'chrome' to base url 'https://magicube.moredian.com/#/login'.</msg>
<status status="PASS" starttime="20190822 10:41:30.095" endtime="20190822 10:41:40.973"></status>
</kw>
<kw name="Sleep" library="BuiltIn">
<doc>Pauses the test executed for the given time.</doc>
<arguments>
<arg>1</arg>
</arguments>
<msg timestamp="20190822 10:41:41.974" level="INFO">Slept 1 second</msg>
<status status="PASS" starttime="20190822 10:41:40.973" endtime="20190822 10:41:41.974"></status>
</kw>
<kw name="Click Element" library="Selenium2Library">
<doc>Click element identified by ``locator``.</doc>
<arguments>
<arg>xpath=//*[@id="app"]/div[1]/div/div[2]/div[5]</arg>
</arguments>
<msg timestamp="20190822 10:41:41.975" level="INFO">Clicking element 'xpath=//*[@id="app"]/div[1]/div/div[2]/div[5]'.</msg>
<status status="PASS" starttime="20190822 10:41:41.974" endtime="20190822 10:41:42.154"></status>
</kw>
<kw name="Click Element" library="Selenium2Library">
<doc>Click element identified by ``locator``.</doc>
<arguments>
<arg>xpath=//*[@id="app"]/div[1]/div/div[2]/div[2]/div/span[text() = "账号不能为空"]</arg>
</arguments>
<msg timestamp="20190822 10:41:42.155" level="INFO">Clicking element 'xpath=//*[@id="app"]/div[1]/div/div[2]/div[2]/div/span[text() = "账号不能为空"]'.</msg>
<status status="PASS" starttime="20190822 10:41:42.154" endtime="20190822 10:41:42.260"></status>
</kw>
<kw name="Sleep" library="BuiltIn">
<doc>Pauses the test executed for the given time.</doc>
<arguments>
<arg>1</arg>
</arguments>
<msg timestamp="20190822 10:41:43.261" level="INFO">Slept 1 second</msg>
<status status="PASS" starttime="20190822 10:41:42.260" endtime="20190822 10:41:43.261"></status>
</kw>
<kw name="Click Element" library="Selenium2Library">
<doc>Click element identified by ``locator``.</doc>
<arguments>
<arg>xpath=//*[@id="app"]/div[1]/div/div[2]/div[3]/div/div[2]/div/input</arg>
</arguments>
<msg timestamp="20190822 10:41:43.262" level="INFO">Clicking element 'xpath=//*[@id="app"]/div[1]/div/div[2]/div[3]/div/div[2]/div/input'.</msg>
<status status="PASS" starttime="20190822 10:41:43.261" endtime="20190822 10:41:43.371"></status>
</kw>
<kw name="Input Text" library="Selenium2Library">
<doc>Types the given ``text`` into text field identified by ``locator``.</doc>
<arguments>
<arg>xpath=//*[@id="app"]/div[1]/div/div[2]/div[3]/div/div[2]/div/input</arg>
<arg>18368387155</arg>
</arguments>
<msg timestamp="20190822 10:41:43.372" level="INFO">Typing text '18368387155' into text field 'xpath=//*[@id="app"]/div[1]/div/div[2]/div[3]/div/div[2]/div/input'.</msg>
<status status="PASS" starttime="20190822 10:41:43.371" endtime="20190822 10:41:43.730"></status>
</kw>
<kw name="Click Element" library="Selenium2Library">
<doc>Click element identified by ``locator``.</doc>
<arguments>
<arg>xpath=//*[@placeholder="请输入登录密码"]</arg>
</arguments>
<msg timestamp="20190822 10:41:43.731" level="INFO">Clicking element 'xpath=//*[@placeholder="请输入登录密码"]'.</msg>
<status status="PASS" starttime="20190822 10:41:43.730" endtime="20190822 10:41:43.847"></status>
</kw>
<kw name="Input Text" library="Selenium2Library">
<doc>Types the given ``text`` into text field identified by ``locator``.</doc>
<arguments>
<arg>xpath=//*[@id="app"]/div[1]/div/div[2]/div[4]/div/div[2]/div/input</arg>
<arg>Md123456</arg>
</arguments>
<msg timestamp="20190822 10:41:43.848" level="INFO">Typing text 'Md123456' into text field 'xpath=//*[@id="app"]/div[1]/div/div[2]/div[4]/div/div[2]/div/input'.</msg>
<status status="PASS" starttime="20190822 10:41:43.848" endtime="20190822 10:41:44.101"></status>
</kw>
<kw name="Get Title" library="Selenium2Library">
<doc>Returns the title of current page.</doc>
<assign>
<var>${title_1}</var>
</assign>
<msg timestamp="20190822 10:41:44.112" level="INFO">${title_1} = 魔方智能办公平台</msg>
<status status="PASS" starttime="20190822 10:41:44.101" endtime="20190822 10:41:44.113"></status>
</kw>
<kw name="Click Element" library="Selenium2Library">
<doc>Click element identified by ``locator``.</doc>
<arguments>
<arg>xpath=//*[@id="app"]/div[1]/div/div[2]/div[5]</arg>
</arguments>
<msg timestamp="20190822 10:41:44.113" level="INFO">Clicking element 'xpath=//*[@id="app"]/div[1]/div/div[2]/div[5]'.</msg>
<status status="PASS" starttime="20190822 10:41:44.113" endtime="20190822 10:41:44.192"></status>
</kw>
<kw name="Sleep" library="BuiltIn">
<doc>Pauses the test executed for the given time.</doc>
<arguments>
<arg>2</arg>
</arguments>
<msg timestamp="20190822 10:41:46.193" level="INFO">Slept 2 seconds</msg>
<status status="PASS" starttime="20190822 10:41:44.193" endtime="20190822 10:41:46.193"></status>
</kw>
<kw name="Get Title" library="Selenium2Library">
<doc>Returns the title of current page.</doc>
<assign>
<var>${title_2}</var>
</assign>
<msg timestamp="20190822 10:41:46.200" level="INFO">${title_2} = 魔方智能办公平台</msg>
<status status="PASS" starttime="20190822 10:41:46.193" endtime="20190822 10:41:46.200"></status>
</kw>
<kw name="Close Browser" library="Selenium2Library">
<doc>Closes the current browser.</doc>
<status status="PASS" starttime="20190822 10:41:46.200" endtime="20190822 10:41:49.548"></status>
</kw>
<doc>登陆</doc>
<status status="PASS" starttime="20190822 10:41:30.091" endtime="20190822 10:41:49.548" critical="yes"></status>
</test>
<status status="PASS" starttime="20190822 10:41:29.766" endtime="20190822 10:41:49.550"></status>
</suite>
<statistics>
<total>
<stat pass="1" fail="0">Critical Tests</stat>
<stat pass="1" fail="0">All Tests</stat>
</total>
<tag>
</tag>
<suite>
<stat pass="1" fail="0" id="s1" name="Baidu">Baidu</stat>
</suite>
</statistics>
<errors>
</errors>
</robot>
